<?xml version="1.0" encoding="UTF-8"?>
<testng-results ignored="0" total="2" passed="2" failed="0" skipped="0">
  <reporter-output>
  </reporter-output>
  <suite started-at="2023-07-11T04:27:25 CDT" name="Default suite" finished-at="2023-07-11T04:27:41 CDT" duration-ms="16123">
    <groups>
    </groups>
    <test started-at="2023-07-11T04:27:25 CDT" name="Default test" finished-at="2023-07-11T04:27:41 CDT" duration-ms="16123">
      <class name="concepts.loginTest">
        <test-method is-config="true" signature="readConfig()[pri:0, instance:concepts.loginTest@57d7f8ca]" started-at="2023-07-11T04:27:25 CDT" name="readConfig" finished-at="2023-07-11T04:27:25 CDT" duration-ms="12" status="PASS">
          <reporter-output>
          </reporter-output>
        </test-method> <!-- readConfig -->
        <test-method is-config="true" signature="init()[pri:0, instance:concepts.loginTest@57d7f8ca]" started-at="2023-07-11T04:27:25 CDT" name="init" finished-at="2023-07-11T04:27:30 CDT" duration-ms="5034" status="PASS">
          <reporter-output>
          </reporter-output>
        </test-method> <!-- init -->
        <test-method signature="loginTest()[pri:1, instance:concepts.loginTest@57d7f8ca]" started-at="2023-07-11T04:27:30 CDT" name="loginTest" finished-at="2023-07-11T04:27:31 CDT" duration-ms="1115" status="PASS">
          <reporter-output>
          </reporter-output>
        </test-method> <!-- loginTest -->
        <test-method is-config="true" signature="init()[pri:0, instance:concepts.loginTest@57d7f8ca]" started-at="2023-07-11T04:27:31 CDT" name="init" finished-at="2023-07-11T04:27:35 CDT" duration-ms="4213" status="PASS">
          <reporter-output>
          </reporter-output>
        </test-method> <!-- init -->
        <test-method signature="addCustomer()[pri:2, instance:concepts.loginTest@57d7f8ca]" started-at="2023-07-11T04:27:35 CDT" name="addCustomer" finished-at="2023-07-11T04:27:41 CDT" duration-ms="5719" status="PASS">
          <reporter-output>
          </reporter-output>
        </test-method> <!-- addCustomer -->
      </class> <!-- concepts.loginTest -->
    </test> <!-- Default test -->
  </suite> <!-- Default suite -->
</testng-results>
